<?xml version="1.0" encoding="UTF-8"?>
<!-- Generated by org.testng.reporters.JUnitXMLReporter -->
<testsuite hostname="glb-d0819" name="Travelocity Tests" tests="2" failures="0" timestamp="19 Jan 2017 19:10:27 GMT" time="55.164" errors="0">
  <testcase name="flightBookingWithHotelAndCarTest" time="31.925" classname="com.globantu.automation.marcos_irisarri.testng.TravelocityTests"/>
  <testcase name="flightBookingWithHotelAndCarTest" time="31.925" classname="com.globantu.automation.marcos_irisarri.testng.TravelocityTests"/>
</testsuite> <!-- Travelocity Tests -->
