<?xml version="1.0" encoding="UTF-8"?>
<!-- Generated by org.testng.reporters.JUnitXMLReporter -->
<testsuite hostname="glb-d0819" name="Travelocity Tests" tests="2" failures="0" timestamp="18 Jan 2017 21:32:15 GMT" time="23.658" errors="0">
  <testcase name="hotelSearchTest" time="5.536" classname="com.globantu.automation.marcos_irisarri.testng.TravelocityTests"/>
  <testcase name="hotelSearchTest" time="5.536" classname="com.globantu.automation.marcos_irisarri.testng.TravelocityTests"/>
</testsuite> <!-- Travelocity Tests -->
