<?xml version="1.0" encoding="UTF-8"?>
<testng-results skipped="0" failed="0" total="0" passed="0">
  <reporter-output>
  </reporter-output>
  <suite name="com.globantu.automation.marcos_irisarri.AppTest" duration-ms="5" started-at="2017-01-16T14:53:01Z" finished-at="2017-01-16T14:53:01Z">
    <groups>
    </groups>
    <test name="Command line test" duration-ms="5" started-at="2017-01-16T14:53:01Z" finished-at="2017-01-16T14:53:01Z">
    </test> <!-- Command line test -->
  </suite> <!-- com.globantu.automation.marcos_irisarri.AppTest -->
</testng-results>
