<?xml version="1.0" encoding="UTF-8"?>
<testng-results skipped="0" failed="0" total="1" passed="1">
  <reporter-output>
  </reporter-output>
  <suite name="Travelocity test suite" duration-ms="23163" started-at="2017-01-17T18:26:15Z" finished-at="2017-01-17T18:26:39Z">
    <groups>
    </groups>
    <test name="Travelocity Tests" duration-ms="23163" started-at="2017-01-17T18:26:15Z" finished-at="2017-01-17T18:26:39Z">
      <class name="com.globantu.automation.marcos_irisarri.testng.TravelocityTests">
        <test-method status="PASS" signature="setUp(com.globantu.automation.marcos_irisarri.framework.web.Browser)[pri:0, instance:com.globantu.automation.marcos_irisarri.testng.TravelocityTests@3c72f59f]" name="setUp" is-config="true" duration-ms="16717" started-at="2017-01-17T15:26:15Z" finished-at="2017-01-17T15:26:32Z">
          <params>
            <param index="0">
              <value>
                <![CDATA[CHROME]]>
              </value>
            </param>
          </params>
          <reporter-output>
          </reporter-output>
        </test-method> <!-- setUp -->
        <test-method status="PASS" signature="flightSearch()[pri:0, instance:com.globantu.automation.marcos_irisarri.testng.TravelocityTests@3c72f59f]" name="flightSearch" duration-ms="5348" started-at="2017-01-17T15:26:32Z" finished-at="2017-01-17T15:26:37Z">
          <reporter-output>
          </reporter-output>
        </test-method> <!-- flightSearch -->
        <test-method status="PASS" signature="tearDown()[pri:0, instance:com.globantu.automation.marcos_irisarri.testng.TravelocityTests@3c72f59f]" name="tearDown" is-config="true" duration-ms="1076" started-at="2017-01-17T15:26:37Z" finished-at="2017-01-17T15:26:39Z">
          <reporter-output>
          </reporter-output>
        </test-method> <!-- tearDown -->
      </class> <!-- com.globantu.automation.marcos_irisarri.testng.TravelocityTests -->
    </test> <!-- Travelocity Tests -->
  </suite> <!-- Travelocity test suite -->
</testng-results>
